<?xml version="1.0" encoding="UTF-8"?>
<!-- Generated by org.testng.reporters.JUnitXMLReporter -->
<testsuite ignored="0" hostname="DESKTOP-PBPVDUN" failures="0" tests="6" name="Default test" time="18.608" errors="0" timestamp="2024-08-16T17:16:25 IST">
  <testcase classname="api.test.DDTests" name="testPostUser" time="5.597"/>
  <testcase classname="api.test.DDTests" name="testPostUser" time="1.529"/>
  <testcase classname="api.test.DDTests" name="testPostUser" time="1.992"/>
  <testcase classname="api.test.DDTests" name="testDeleteUserByName" time="1.937"/>
  <testcase classname="api.test.DDTests" name="testDeleteUserByName" time="2.046"/>
  <testcase classname="api.test.DDTests" name="testDeleteUserByName" time="1.637"/>
</testsuite> <!-- Default test -->
