<?xml version="1.0" encoding="UTF-8"?>
<testsuite xmlns:xsi="http://www.w3.org/2001/XMLSchema-instance" xsi:noNamespaceSchemaLocation="https://maven.apache.org/surefire/maven-surefire-plugin/xsd/surefire-test-report.xsd" version="3.0.2" name="TestSuite" time="16.609" tests="4" errors="0" skipped="0" failures="0">
  <properties>
[...]
</properties>
  <testcase name="testPostUser" classname="api.test.UserTests" time="6.617">
    <system-out><![CDATA[2024-08-17T10:19:47.211402600Z main ERROR appender File has no parameter that matches element Policies
2024-08-17T10:19:47.215391400Z main ERROR appender File has no parameter that matches element DefaultRolloverStrategy
2024-08-17 15:49:47 INFO  api.test.UserTests - ******************** Creating User **********************
HTTP/1.1 200 OK
Date: Sat, 17 Aug 2024 10:19:52 GMT
Content-Type: application/json
Transfer-Encoding: chunked
Connection: keep-alive
Access-Control-Allow-Origin: *
Access-Control-Allow-Methods: GET, POST, DELETE, PUT
Access-Control-Allow-Headers: Content-Type, api_key, Authorization
Server: Jetty(9.2.9.v20150224)

{
    "code": 200,
    "type": "unknown",
    "message": "800735172"
}
2024-08-17 15:49:54 INFO  api.test.UserTests - ******************** User is created **********************
]]></system-out>
    <system-err><![CDATA[SLF4J: Failed to load class "org.slf4j.impl.StaticLoggerBinder".
SLF4J: Defaulting to no-operation (NOP) logger implementation
SLF4J: See http://www.slf4j.org/codes.html#StaticLoggerBinder for further details.
]]></system-err>
  </testcase>
  <testcase name="testGetUserByName" classname="api.test.UserTests" time="1.608">
    <system-out><![CDATA[2024-08-17 15:49:54 INFO  api.test.UserTests - ******************** Reading User Info **********************
HTTP/1.1 200 OK
Date: Sat, 17 Aug 2024 10:19:54 GMT
Content-Type: application/json
Transfer-Encoding: chunked
Connection: keep-alive
Access-Control-Allow-Origin: *
Access-Control-Allow-Methods: GET, POST, DELETE, PUT
Access-Control-Allow-Headers: Content-Type, api_key, Authorization
Server: Jetty(9.2.9.v20150224)

{
    "id": 800735172,
    "username": "ceola.stroman",
    "firstName": "Sanjuanita",
    "lastName": "Stroman",
    "email": "donald.flatley@example.com",
    "password": "mhk8g",
    "phone": "930-396-7468",
    "userStatus": 0
}
2024-08-17 15:49:55 INFO  api.test.UserTests - ******************** User Info is Displayed **********************
]]></system-out>
  </testcase>
  <testcase name="testUpdateUserByName" classname="api.test.UserTests" time="3.282">
    <system-out><![CDATA[2024-08-17 15:49:55 INFO  api.test.UserTests - ******************** Updating User **********************
{
    "code": 200,
    "type": "unknown",
    "message": "800735172"
}
2024-08-17 15:49:57 INFO  api.test.UserTests - ******************** User is updated **********************
]]></system-out>
  </testcase>
  <testcase name="testDeleteUserByName" classname="api.test.UserTests" time="1.603">
    <system-out><![CDATA[2024-08-17 15:49:59 INFO  api.test.UserTests - **************** Deleting User **********************
2024-08-17 15:50:00 INFO  api.test.UserTests - ******************** User deleted **********************
]]></system-out>
  </testcase>
</testsuite>