<?xml version="1.0" encoding="UTF-8"?>
<!-- Generated by org.testng.reporters.JUnitXMLReporter -->
<testsuite ignored="0" hostname="DESKTOP-PBPVDUN" failures="0" tests="4" name="PetTest" time="36.026" errors="0" timestamp="2024-08-17T14:49:09 IST">
  <testcase classname="api.test.UserTests" name="testPostUser" time="6.753"/>
  <testcase classname="api.test.UserTests" name="testGetUserByName" time="22.959"/>
  <testcase classname="api.test.UserTests" name="testUpdateUserByName" time="3.033"/>
  <testcase classname="api.test.UserTests" name="testDeleteUserByName" time="1.422"/>
</testsuite> <!-- PetTest -->
